Version 5.3.3.1

Improvements
2017-06-27 - [Change] Removed duplicate html code for the mobile menu when loading the page. The required code is loaded after the page has been loaded with a js script. #BUG-4850 (Eugene Dementjev) #Core
2017-06-27 - [Change] Fixed the deadlocks in \XLite\Model\Session::insertCell #XCN-7859 (Sergey Elmanov) #Core
2017-06-01 - [Change] Added the permissions to edit the front page, banners and featured products to the 'Manage catalog' permission group. #BUG-5044 (Sergey Elmanov) #Core #FeaturedProducts
2017-05-31 - [Change] Updated the design of the pages for the setup of attributes and product variants. #BUG-4034 (Maxim Kuznetsov) #Core

Fixes
2017-06-22 - [Bug] A typo in XLite/Controller/Customer/Autocomplete.php. Fixed. #BUG-5131 (Michael Lipinski) #Core
2017-06-22 - [Bug] Deleting a currency in the module MultiCurrency resulted in a fatal error. Fixed. #BUG-5130 (Sergey Elmanov) #Core #MultiCurrency
2017-06-22 - [Bug] Images are now resized separately for retina displays and other types of displays; a 1x size image will be used for retina if no 2x size image is available for some reason (for example, if the source image is smaller than 2x). #BUG-5098 (Eugene Dementjev) #Core
2017-06-22 - [Bug] ogMeta was not updated automatically when sending via restapi. #BUG-5094 (Sergey Elmanov) #Core #GoSocial
2017-06-21 - [Bug] UI improvements for Webmaster mode. #BUG-5014 (Eugene Dementjev) #Core #ThemeTweaker
2017-06-20 - [Bug] On the product page, in the sections "Related products" and "Customers who bought this product also bought" the prices were displayed incorrectly. #BUG-5117 (Sergey Elmanov) #Core
2017-06-20 - [Bug] The test for whether Phar is installed worked only for PHP 5.6 or later. #BUG-5084 (Michael Lipinski) #Core
2017-06-20 - [Bug] Changed how images are attached to email messages. #BUG-5024 (Maxim Kuznetsov) #Core
2017-06-20 - [Bug] When attempting an upgrade on a trial installation, the user is now provided with a full list of paid modules that need to be removed. #BUG-4868 (Eugene Dementjev) #Core
2017-06-19 - [Bug] Errors that occur during a file upload are now displayed. #BUG-5018 (Sergey Elmanov) #Core
2017-06-16 - [Bug] On mobile devices, the dropdown menu on the reviews tab was cut and not fully visible. #BUG-4979 (Sergey Elmanov) #Core #ProductReviews
2017-06-15 - [Bug] Added Japanese and Korean flags for languages. #BUG-5116 (Sergey Elmanov) #Core
2017-06-15 - [Bug] An outdated clean URL now redirects to the canonical URL of the product if the category of the product has been changed. #BUG-4964 (Sergey Elmanov) #Core
2017-06-14 - [Bug] Added an error message to be shown after the button "Generate resized images" has been clicked if neither GDlib nor ImageMagick are installed on the server. #BUG-5097 (Sergey Elmanov) #Core
2017-06-09 - [Bug] Certain types of content were not cached. Fixed. #BUG-5036 (Sergey Elmanov) #Core
2017-06-08 - [Bug] Page layout issues on the cart page. #BUG-5070 (Michael Lipinski) #Core #Paypal #VolumeDiscounts
2017-06-08 - [Bug] When dropping the cache for the market, the news cache was not dropped. #BUG-4902 (Michael Lipinski) #Core
2017-06-07 - [Bug] When widget caching was enabled, on the storefront a product description got cached and the same description was shown for all the products. #BUG-5088 (Michael Lipinski) #Core
2017-06-07 - [Bug] With the option "Force customer to choose product options before adding a product to cart" enabled, if returning to the product page after the product has been added to the shopping cart, the product was displayed with the selected attributes. #BUG-5067 (Sergey Elmanov) #Core
2017-06-06 - [Bug] Product classes sorting did not work. #BUG-5090 (Michael Lipinski) #Core
2017-06-06 - [Bug] The module NFO created a wrong link on the dashboard in the orders table. #BUG-5080 (Michael Lipinski) #Core
2017-06-06 - [Bug] If using FLC and NFO, at checkout, when the user was redirected to the payment page, the state was reset to the default one. #BUG-5061 (Michael Lipinski) #Core #FastLaneCheckout
2017-06-06 - [Bug] Added the Price and Save fields for Wholesale. #BUG-4938 (Sergey Elmanov) #Core #Wholesale
2017-06-05 - [Bug] Opening the popup for adding featured products by a non-root admin resulted in an error. #BUG-5078 (Michael Lipinski) #Core
2017-06-05 - [Bug] Changed the placeholder text for the field where an order number range can be specified on the orders page. #BUG-4940 (Maxim Kuznetsov) #Core
2017-06-01 - [Bug] Some elements were misaligned in the customer address popup on the order page in the Admin area. Fixed. #BUG-5063 (Michael Lipinski) #Core
2017-06-01 - [Bug] Warnings on the page for adding a new product if there were no categories. #BUG-5056 (Michael Lipinski) #Core
2017-06-01 - [Bug] The link to all the products without a category now opens in the same window. #BUG-4939 (Maxim Kuznetsov) #Core
2017-06-01 - [Bug] Tooltip text was missing in the popup for editing a yes/no attribute. #BUG-4922 (Sergey Elmanov) #Core
2017-05-30 - [Bug] When redirecting from an outdated clean URL of a product to a new one, a 301 redirect is now used instead of 302. #BUG-5060 (Michael Lipinski) #Core
2017-05-30 - [Bug] Changed the styles of the Attachments section on the product page in the Admin area. #BUG-4985 (Sergey Elmanov) #Core #Egoods #FileAttachments
2017-05-30 - [Bug] The Membership field was misplaced in the my account section. #BUG-4959 (Maxim Kuznetsov) #Core
2017-05-30 - [Bug] If the last variant available in stock was in the shopping cart, and a Change attributes action was performed from the cart, an error was generated as if the product were unavailable. #BUG-4927 (Maxim Kuznetsov) #Core #ProductVariants
2017-05-30 - [Bug] A link in the help tooltip was displayed partly outside the tooltip border. #BUG-4911 (Sergey Elmanov) #Core
2017-05-30 - [Bug] Renamed the title of a filter preset. #BUG-4891 (Sergey Elmanov) #Core
2017-05-26 - [Bug] Search was performed incorrectly on the storefront in the Customer area. #BUG-4899 (Michael Lipinski) #Core
2017-05-25 - [Bug] Added repositories for all the modules that did not have one (so that 3rd party modules can override the repositories of these modules). #BUG-5019 (Michael Lipinski) #Core #Coupons #SalesTax #SimpleCMS #VAT #CanadaPost #Add2CartPopup #PitneyBowes #NewsletterSubscriptions #Mandrill #VendorMessages #CanadianTaxes
1970-01-01 - [Bug] A file uploaded via a URL but copied onto the server could be made a paid one. #BUG-5096 (Sergey Elmanov) #Core #Egoods

